[2022-02-27 16:48:39,980: INFO: or]: >>>>> starting training for OR  gate >>>>>:
[2022-02-27 16:48:39,980: INFO: or]: This is the raw dataset:    x1  x2  y
0   0   0  0
1   0   1  1
2   1   0  1
3   1   1  1:
[2022-02-27 16:48:39,980: INFO: all_utils]:  preparing the data for training :
[2022-02-27 16:48:39,980: INFO: model]: initial weights before training : 
[-3.69574355e-07 -1.70275821e-05 -6.24619861e-05]:
[2022-02-27 16:48:39,980: INFO: model]: X with bias: 
[[ 0.  0. -1.]
 [ 0.  1. -1.]
 [ 1.  0. -1.]
 [ 1.  1. -1.]]:
[2022-02-27 16:48:39,980: INFO: model]: for epoch >> 0:
[2022-02-27 16:48:39,980: INFO: model]: ------------------------------:
[2022-02-27 16:48:39,995: INFO: model]: predicted value after forward pass: 
[1 1 1 1]:
[2022-02-27 16:48:39,995: INFO: model]: error: 
0   -1
1    0
2    0
3    0
Name: y, dtype: int64:
[2022-02-27 16:48:39,995: INFO: model]: updated weights after epoch: 1/10: 
[-3.69574355e-07 -1.70275821e-05  2.99937538e-01]:
[2022-02-27 16:48:39,995: INFO: model]: ####################:
[2022-02-27 16:48:39,995: INFO: model]: for epoch >> 1:
[2022-02-27 16:48:39,995: INFO: model]: ------------------------------:
[2022-02-27 16:48:39,995: INFO: model]: predicted value after forward pass: 
[0 0 0 0]:
[2022-02-27 16:48:39,995: INFO: model]: error: 
0    0
1    1
2    1
3    1
Name: y, dtype: int64:
[2022-02-27 16:48:39,995: INFO: model]: updated weights after epoch: 2/10: 
[ 0.59999963  0.59998297 -0.60006246]:
[2022-02-27 16:48:39,995: INFO: model]: ####################:
[2022-02-27 16:48:39,995: INFO: model]: for epoch >> 2:
[2022-02-27 16:48:39,995: INFO: model]: ------------------------------:
[2022-02-27 16:48:39,995: INFO: model]: predicted value after forward pass: 
[1 1 1 1]:
[2022-02-27 16:48:39,995: INFO: model]: error: 
0   -1
1    0
2    0
3    0
Name: y, dtype: int64:
[2022-02-27 16:48:39,995: INFO: model]: updated weights after epoch: 3/10: 
[ 0.59999963  0.59998297 -0.30006246]:
[2022-02-27 16:48:39,995: INFO: model]: ####################:
[2022-02-27 16:48:39,995: INFO: model]: for epoch >> 3:
[2022-02-27 16:48:39,995: INFO: model]: ------------------------------:
[2022-02-27 16:48:39,995: INFO: model]: predicted value after forward pass: 
[1 1 1 1]:
[2022-02-27 16:48:39,995: INFO: model]: error: 
0   -1
1    0
2    0
3    0
Name: y, dtype: int64:
[2022-02-27 16:48:39,995: INFO: model]: updated weights after epoch: 4/10: 
[ 5.99999630e-01  5.99982972e-01 -6.24619861e-05]:
[2022-02-27 16:48:39,995: INFO: model]: ####################:
[2022-02-27 16:48:39,995: INFO: model]: for epoch >> 4:
[2022-02-27 16:48:39,995: INFO: model]: ------------------------------:
[2022-02-27 16:48:39,995: INFO: model]: predicted value after forward pass: 
[1 1 1 1]:
[2022-02-27 16:48:39,995: INFO: model]: error: 
0   -1
1    0
2    0
3    0
Name: y, dtype: int64:
[2022-02-27 16:48:39,995: INFO: model]: updated weights after epoch: 5/10: 
[0.59999963 0.59998297 0.29993754]:
[2022-02-27 16:48:39,995: INFO: model]: ####################:
[2022-02-27 16:48:39,995: INFO: model]: for epoch >> 5:
[2022-02-27 16:48:39,995: INFO: model]: ------------------------------:
[2022-02-27 16:48:39,995: INFO: model]: predicted value after forward pass: 
[0 1 1 1]:
[2022-02-27 16:48:39,995: INFO: model]: error: 
0    0
1    0
2    0
3    0
Name: y, dtype: int64:
[2022-02-27 16:48:39,995: INFO: model]: updated weights after epoch: 6/10: 
[0.59999963 0.59998297 0.29993754]:
[2022-02-27 16:48:39,995: INFO: model]: ####################:
[2022-02-27 16:48:39,995: INFO: model]: for epoch >> 6:
[2022-02-27 16:48:39,995: INFO: model]: ------------------------------:
[2022-02-27 16:48:39,995: INFO: model]: predicted value after forward pass: 
[0 1 1 1]:
[2022-02-27 16:48:39,995: INFO: model]: error: 
0    0
1    0
2    0
3    0
Name: y, dtype: int64:
[2022-02-27 16:48:39,995: INFO: model]: updated weights after epoch: 7/10: 
[0.59999963 0.59998297 0.29993754]:
[2022-02-27 16:48:39,995: INFO: model]: ####################:
[2022-02-27 16:48:39,995: INFO: model]: for epoch >> 7:
[2022-02-27 16:48:39,995: INFO: model]: ------------------------------:
[2022-02-27 16:48:39,995: INFO: model]: predicted value after forward pass: 
[0 1 1 1]:
[2022-02-27 16:48:39,995: INFO: model]: error: 
0    0
1    0
2    0
3    0
Name: y, dtype: int64:
[2022-02-27 16:48:39,995: INFO: model]: updated weights after epoch: 8/10: 
[0.59999963 0.59998297 0.29993754]:
[2022-02-27 16:48:39,995: INFO: model]: ####################:
[2022-02-27 16:48:39,995: INFO: model]: for epoch >> 8:
[2022-02-27 16:48:39,995: INFO: model]: ------------------------------:
[2022-02-27 16:48:39,995: INFO: model]: predicted value after forward pass: 
[0 1 1 1]:
[2022-02-27 16:48:39,995: INFO: model]: error: 
0    0
1    0
2    0
3    0
Name: y, dtype: int64:
[2022-02-27 16:48:39,995: INFO: model]: updated weights after epoch: 9/10: 
[0.59999963 0.59998297 0.29993754]:
[2022-02-27 16:48:39,995: INFO: model]: ####################:
[2022-02-27 16:48:39,995: INFO: model]: for epoch >> 9:
[2022-02-27 16:48:39,995: INFO: model]: ------------------------------:
[2022-02-27 16:48:39,995: INFO: model]: predicted value after forward pass: 
[0 1 1 1]:
[2022-02-27 16:48:39,995: INFO: model]: error: 
0    0
1    0
2    0
3    0
Name: y, dtype: int64:
[2022-02-27 16:48:39,995: INFO: model]: updated weights after epoch: 10/10: 
[0.59999963 0.59998297 0.29993754]:
[2022-02-27 16:48:39,995: INFO: model]: ####################:
[2022-02-27 16:48:39,995: INFO: model]: total loss: 0
:
[2022-02-27 16:48:40,011: INFO: model]: model is saved at model\or.model:
[2022-02-27 16:48:40,011: INFO: all_utils]:  preparing the data for training :
[2022-02-27 16:48:40,011: INFO: all_utils]: creating the base plot:
[2022-02-27 16:48:40,167: INFO: all_utils]: ploting the decision regions :
[2022-02-27 16:48:40,339: INFO: all_utils]: saving the plot at plots\or.png :
[2022-02-27 16:48:40,339: INFO: or]: <<<<< done training for OR  gate >>>>>>>>>>>:
[2022-02-27 16:51:51,928: INFO: or]: >>>>> starting training for OR  gate >>>>>:
[2022-02-27 16:51:51,928: INFO: or]: This is the raw dataset:    x1  x2  y
0   0   0  0
1   0   1  1
2   1   0  1
3   1   1  1:
[2022-02-27 16:51:51,928: INFO: all_utils]:  preparing the data for training :
[2022-02-27 16:51:51,928: INFO: model]: initial weights before training : 
[ 5.78628989e-05  8.60230912e-05 -4.34327020e-05]:
[2022-02-27 16:51:51,928: INFO: model]: X with bias: 
[[ 0.  0. -1.]
 [ 0.  1. -1.]
 [ 1.  0. -1.]
 [ 1.  1. -1.]]:
[2022-02-27 16:51:51,928: INFO: model]: for epoch >> 0:
[2022-02-27 16:51:51,928: INFO: model]: ------------------------------:
[2022-02-27 16:51:51,928: INFO: model]: predicted value after forward pass: 
[1 1 1 1]:
[2022-02-27 16:51:51,928: INFO: model]: error: 
0   -1
1    0
2    0
3    0
Name: y, dtype: int64:
[2022-02-27 16:51:51,928: INFO: model]: updated weights after epoch: 1/10: 
[5.78628989e-05 8.60230912e-05 2.99956567e-01]:
[2022-02-27 16:51:51,928: INFO: model]: ####################:
[2022-02-27 16:51:51,928: INFO: model]: for epoch >> 1:
[2022-02-27 16:51:51,928: INFO: model]: ------------------------------:
[2022-02-27 16:51:51,928: INFO: model]: predicted value after forward pass: 
[0 0 0 0]:
[2022-02-27 16:51:51,928: INFO: model]: error: 
0    0
1    1
2    1
3    1
Name: y, dtype: int64:
[2022-02-27 16:51:51,928: INFO: model]: updated weights after epoch: 2/10: 
[ 0.60005786  0.60008602 -0.60004343]:
[2022-02-27 16:51:51,928: INFO: model]: ####################:
[2022-02-27 16:51:51,928: INFO: model]: for epoch >> 2:
[2022-02-27 16:51:51,928: INFO: model]: ------------------------------:
[2022-02-27 16:51:51,928: INFO: model]: predicted value after forward pass: 
[1 1 1 1]:
[2022-02-27 16:51:51,928: INFO: model]: error: 
0   -1
1    0
2    0
3    0
Name: y, dtype: int64:
[2022-02-27 16:51:51,928: INFO: model]: updated weights after epoch: 3/10: 
[ 0.60005786  0.60008602 -0.30004343]:
[2022-02-27 16:51:51,928: INFO: model]: ####################:
[2022-02-27 16:51:51,928: INFO: model]: for epoch >> 3:
[2022-02-27 16:51:51,928: INFO: model]: ------------------------------:
[2022-02-27 16:51:51,928: INFO: model]: predicted value after forward pass: 
[1 1 1 1]:
[2022-02-27 16:51:51,928: INFO: model]: error: 
0   -1
1    0
2    0
3    0
Name: y, dtype: int64:
[2022-02-27 16:51:51,928: INFO: model]: updated weights after epoch: 4/10: 
[ 6.00057863e-01  6.00086023e-01 -4.34327020e-05]:
[2022-02-27 16:51:51,928: INFO: model]: ####################:
[2022-02-27 16:51:51,928: INFO: model]: for epoch >> 4:
[2022-02-27 16:51:51,928: INFO: model]: ------------------------------:
[2022-02-27 16:51:51,928: INFO: model]: predicted value after forward pass: 
[1 1 1 1]:
[2022-02-27 16:51:51,928: INFO: model]: error: 
0   -1
1    0
2    0
3    0
Name: y, dtype: int64:
[2022-02-27 16:51:51,928: INFO: model]: updated weights after epoch: 5/10: 
[0.60005786 0.60008602 0.29995657]:
[2022-02-27 16:51:51,928: INFO: model]: ####################:
[2022-02-27 16:51:51,928: INFO: model]: for epoch >> 5:
[2022-02-27 16:51:51,928: INFO: model]: ------------------------------:
[2022-02-27 16:51:51,928: INFO: model]: predicted value after forward pass: 
[0 1 1 1]:
[2022-02-27 16:51:51,943: INFO: model]: error: 
0    0
1    0
2    0
3    0
Name: y, dtype: int64:
[2022-02-27 16:51:51,943: INFO: model]: updated weights after epoch: 6/10: 
[0.60005786 0.60008602 0.29995657]:
[2022-02-27 16:51:51,943: INFO: model]: ####################:
[2022-02-27 16:51:51,943: INFO: model]: for epoch >> 6:
[2022-02-27 16:51:51,943: INFO: model]: ------------------------------:
[2022-02-27 16:51:51,943: INFO: model]: predicted value after forward pass: 
[0 1 1 1]:
[2022-02-27 16:51:51,943: INFO: model]: error: 
0    0
1    0
2    0
3    0
Name: y, dtype: int64:
[2022-02-27 16:51:51,943: INFO: model]: updated weights after epoch: 7/10: 
[0.60005786 0.60008602 0.29995657]:
[2022-02-27 16:51:51,943: INFO: model]: ####################:
[2022-02-27 16:51:51,943: INFO: model]: for epoch >> 7:
[2022-02-27 16:51:51,943: INFO: model]: ------------------------------:
[2022-02-27 16:51:51,943: INFO: model]: predicted value after forward pass: 
[0 1 1 1]:
[2022-02-27 16:51:51,943: INFO: model]: error: 
0    0
1    0
2    0
3    0
Name: y, dtype: int64:
[2022-02-27 16:51:51,943: INFO: model]: updated weights after epoch: 8/10: 
[0.60005786 0.60008602 0.29995657]:
[2022-02-27 16:51:51,943: INFO: model]: ####################:
[2022-02-27 16:51:51,943: INFO: model]: for epoch >> 8:
[2022-02-27 16:51:51,943: INFO: model]: ------------------------------:
[2022-02-27 16:51:51,943: INFO: model]: predicted value after forward pass: 
[0 1 1 1]:
[2022-02-27 16:51:51,943: INFO: model]: error: 
0    0
1    0
2    0
3    0
Name: y, dtype: int64:
[2022-02-27 16:51:51,943: INFO: model]: updated weights after epoch: 9/10: 
[0.60005786 0.60008602 0.29995657]:
[2022-02-27 16:51:51,943: INFO: model]: ####################:
[2022-02-27 16:51:51,943: INFO: model]: for epoch >> 9:
[2022-02-27 16:51:51,943: INFO: model]: ------------------------------:
[2022-02-27 16:51:51,943: INFO: model]: predicted value after forward pass: 
[0 1 1 1]:
[2022-02-27 16:51:51,943: INFO: model]: error: 
0    0
1    0
2    0
3    0
Name: y, dtype: int64:
[2022-02-27 16:51:51,943: INFO: model]: updated weights after epoch: 10/10: 
[0.60005786 0.60008602 0.29995657]:
[2022-02-27 16:51:51,943: INFO: model]: ####################:
[2022-02-27 16:51:51,943: INFO: model]: total loss: 0
:
[2022-02-27 16:51:51,943: INFO: model]: model is saved at model\or.model:
[2022-02-27 16:51:51,943: INFO: all_utils]:  preparing the data for training :
[2022-02-27 16:51:51,943: INFO: all_utils]: creating the base plot:
[2022-02-27 16:51:52,115: INFO: all_utils]: ploting the decision regions :
[2022-02-27 16:51:52,318: INFO: all_utils]: saving the plot at plots\or.png :
[2022-02-27 16:51:52,318: INFO: or]: <<<<< done training for OR  gate >>>>>>>>>>>

:
[2022-02-27 16:53:42,699: INFO: or]: >>>>> starting training for OR  gate >>>>>:
[2022-02-27 16:53:42,699: INFO: or]: This is the raw dataset:    x1  x2  y
0   0   0  0
1   0   1  1
2   1   0  1
3   1   1  1:
[2022-02-27 16:53:42,699: INFO: all_utils]:  preparing the data for training :
[2022-02-27 16:53:42,699: INFO: model]: initial weights before training : 
[ 1.20515394e-04 -4.11368901e-05 -1.39372232e-04]:
[2022-02-27 16:53:42,699: INFO: model]: X with bias: 
[[ 0.  0. -1.]
 [ 0.  1. -1.]
 [ 1.  0. -1.]
 [ 1.  1. -1.]]:
[2022-02-27 16:53:42,699: INFO: model]: for epoch >> 0:
[2022-02-27 16:53:42,699: INFO: model]: ------------------------------:
[2022-02-27 16:53:42,699: INFO: model]: predicted value after forward pass: 
[1 1 1 1]:
[2022-02-27 16:53:42,699: INFO: model]: error: 
0   -1
1    0
2    0
3    0
Name: y, dtype: int64:
[2022-02-27 16:53:42,699: INFO: model]: updated weights after epoch: 1/10: 
[ 1.20515394e-04 -4.11368901e-05  2.99860628e-01]:
[2022-02-27 16:53:42,699: INFO: model]: ####################:
[2022-02-27 16:53:42,699: INFO: model]: for epoch >> 1:
[2022-02-27 16:53:42,699: INFO: model]: ------------------------------:
[2022-02-27 16:53:42,699: INFO: model]: predicted value after forward pass: 
[0 0 0 0]:
[2022-02-27 16:53:42,699: INFO: model]: error: 
0    0
1    1
2    1
3    1
Name: y, dtype: int64:
[2022-02-27 16:53:42,699: INFO: model]: updated weights after epoch: 2/10: 
[ 0.60012052  0.59995886 -0.60013937]:
[2022-02-27 16:53:42,699: INFO: model]: ####################:
[2022-02-27 16:53:42,699: INFO: model]: for epoch >> 2:
[2022-02-27 16:53:42,699: INFO: model]: ------------------------------:
[2022-02-27 16:53:42,699: INFO: model]: predicted value after forward pass: 
[1 1 1 1]:
[2022-02-27 16:53:42,699: INFO: model]: error: 
0   -1
1    0
2    0
3    0
Name: y, dtype: int64:
[2022-02-27 16:53:42,699: INFO: model]: updated weights after epoch: 3/10: 
[ 0.60012052  0.59995886 -0.30013937]:
[2022-02-27 16:53:42,699: INFO: model]: ####################:
[2022-02-27 16:53:42,699: INFO: model]: for epoch >> 3:
[2022-02-27 16:53:42,699: INFO: model]: ------------------------------:
[2022-02-27 16:53:42,699: INFO: model]: predicted value after forward pass: 
[1 1 1 1]:
[2022-02-27 16:53:42,699: INFO: model]: error: 
0   -1
1    0
2    0
3    0
Name: y, dtype: int64:
[2022-02-27 16:53:42,699: INFO: model]: updated weights after epoch: 4/10: 
[ 6.00120515e-01  5.99958863e-01 -1.39372232e-04]:
[2022-02-27 16:53:42,699: INFO: model]: ####################:
[2022-02-27 16:53:42,699: INFO: model]: for epoch >> 4:
[2022-02-27 16:53:42,699: INFO: model]: ------------------------------:
[2022-02-27 16:53:42,699: INFO: model]: predicted value after forward pass: 
[1 1 1 1]:
[2022-02-27 16:53:42,699: INFO: model]: error: 
0   -1
1    0
2    0
3    0
Name: y, dtype: int64:
[2022-02-27 16:53:42,699: INFO: model]: updated weights after epoch: 5/10: 
[0.60012052 0.59995886 0.29986063]:
[2022-02-27 16:53:42,699: INFO: model]: ####################:
[2022-02-27 16:53:42,714: INFO: model]: for epoch >> 5:
[2022-02-27 16:53:42,714: INFO: model]: ------------------------------:
[2022-02-27 16:53:42,714: INFO: model]: predicted value after forward pass: 
[0 1 1 1]:
[2022-02-27 16:53:42,714: INFO: model]: error: 
0    0
1    0
2    0
3    0
Name: y, dtype: int64:
[2022-02-27 16:53:42,714: INFO: model]: updated weights after epoch: 6/10: 
[0.60012052 0.59995886 0.29986063]:
[2022-02-27 16:53:42,714: INFO: model]: ####################:
[2022-02-27 16:53:42,714: INFO: model]: for epoch >> 6:
[2022-02-27 16:53:42,714: INFO: model]: ------------------------------:
[2022-02-27 16:53:42,714: INFO: model]: predicted value after forward pass: 
[0 1 1 1]:
[2022-02-27 16:53:42,714: INFO: model]: error: 
0    0
1    0
2    0
3    0
Name: y, dtype: int64:
[2022-02-27 16:53:42,714: INFO: model]: updated weights after epoch: 7/10: 
[0.60012052 0.59995886 0.29986063]:
[2022-02-27 16:53:42,714: INFO: model]: ####################:
[2022-02-27 16:53:42,714: INFO: model]: for epoch >> 7:
[2022-02-27 16:53:42,714: INFO: model]: ------------------------------:
[2022-02-27 16:53:42,714: INFO: model]: predicted value after forward pass: 
[0 1 1 1]:
[2022-02-27 16:53:42,714: INFO: model]: error: 
0    0
1    0
2    0
3    0
Name: y, dtype: int64:
[2022-02-27 16:53:42,714: INFO: model]: updated weights after epoch: 8/10: 
[0.60012052 0.59995886 0.29986063]:
[2022-02-27 16:53:42,714: INFO: model]: ####################:
[2022-02-27 16:53:42,714: INFO: model]: for epoch >> 8:
[2022-02-27 16:53:42,714: INFO: model]: ------------------------------:
[2022-02-27 16:53:42,714: INFO: model]: predicted value after forward pass: 
[0 1 1 1]:
[2022-02-27 16:53:42,714: INFO: model]: error: 
0    0
1    0
2    0
3    0
Name: y, dtype: int64:
[2022-02-27 16:53:42,714: INFO: model]: updated weights after epoch: 9/10: 
[0.60012052 0.59995886 0.29986063]:
[2022-02-27 16:53:42,714: INFO: model]: ####################:
[2022-02-27 16:53:42,714: INFO: model]: for epoch >> 9:
[2022-02-27 16:53:42,714: INFO: model]: ------------------------------:
[2022-02-27 16:53:42,714: INFO: model]: predicted value after forward pass: 
[0 1 1 1]:
[2022-02-27 16:53:42,714: INFO: model]: error: 
0    0
1    0
2    0
3    0
Name: y, dtype: int64:
[2022-02-27 16:53:42,714: INFO: model]: updated weights after epoch: 10/10: 
[0.60012052 0.59995886 0.29986063]:
[2022-02-27 16:53:42,714: INFO: model]: ####################:
[2022-02-27 16:53:42,714: INFO: model]: total loss: 0
:
[2022-02-27 16:53:42,714: INFO: model]: model is saved at model\or.model:
[2022-02-27 16:53:42,714: INFO: all_utils]:  preparing the data for training :
[2022-02-27 16:53:42,714: INFO: all_utils]: creating the base plot:
[2022-02-27 16:53:42,886: INFO: all_utils]: ploting the decision regions :
[2022-02-27 16:53:43,089: INFO: all_utils]: saving the plot at plots\or.png :
[2022-02-27 16:53:43,089: INFO: or]: <<<<< done training for OR  gate <<<<<

:
[2022-02-27 16:58:23,434: INFO: and]: >>>>> starting training for AND  gate >>>>>:
[2022-02-27 16:58:23,449: INFO: and]: This is the raw dataset:    x1  x2  y
0   0   0  0
1   0   1  0
2   1   0  0
3   1   1  1:
[2022-02-27 16:58:23,449: INFO: all_utils]:  preparing the data for training :
[2022-02-27 16:58:23,449: INFO: model]: initial weights before training : 
[ 2.73094822e-04 -1.22476696e-04  1.98602593e-05]:
[2022-02-27 16:58:23,449: INFO: model]: X with bias: 
[[ 0.  0. -1.]
 [ 0.  1. -1.]
 [ 1.  0. -1.]
 [ 1.  1. -1.]]:
[2022-02-27 16:58:23,449: INFO: model]: for epoch >> 0:
[2022-02-27 16:58:23,449: INFO: model]: ------------------------------:
[2022-02-27 16:58:23,449: INFO: model]: predicted value after forward pass: 
[0 0 1 1]:
[2022-02-27 16:58:23,449: INFO: model]: error: 
0    0
1    0
2   -1
3    0
Name: y, dtype: int64:
[2022-02-27 16:58:23,449: INFO: model]: updated weights after epoch: 1/10: 
[-2.99726905e-01 -1.22476696e-04  3.00019860e-01]:
[2022-02-27 16:58:23,449: INFO: model]: ####################:
[2022-02-27 16:58:23,449: INFO: model]: for epoch >> 1:
[2022-02-27 16:58:23,449: INFO: model]: ------------------------------:
[2022-02-27 16:58:23,449: INFO: model]: predicted value after forward pass: 
[0 0 0 0]:
[2022-02-27 16:58:23,449: INFO: model]: error: 
0    0
1    0
2    0
3    1
Name: y, dtype: int64:
[2022-02-27 16:58:23,449: INFO: model]: updated weights after epoch: 2/10: 
[2.73094822e-04 2.99877523e-01 1.98602593e-05]:
[2022-02-27 16:58:23,449: INFO: model]: ####################:
[2022-02-27 16:58:23,449: INFO: model]: for epoch >> 2:
[2022-02-27 16:58:23,449: INFO: model]: ------------------------------:
[2022-02-27 16:58:23,449: INFO: model]: predicted value after forward pass: 
[0 1 1 1]:
[2022-02-27 16:58:23,449: INFO: model]: error: 
0    0
1   -1
2   -1
3    0
Name: y, dtype: int64:
[2022-02-27 16:58:23,449: INFO: model]: updated weights after epoch: 3/10: 
[-2.99726905e-01 -1.22476696e-04  6.00019860e-01]:
[2022-02-27 16:58:23,449: INFO: model]: ####################:
[2022-02-27 16:58:23,449: INFO: model]: for epoch >> 3:
[2022-02-27 16:58:23,449: INFO: model]: ------------------------------:
[2022-02-27 16:58:23,449: INFO: model]: predicted value after forward pass: 
[0 0 0 0]:
[2022-02-27 16:58:23,449: INFO: model]: error: 
0    0
1    0
2    0
3    1
Name: y, dtype: int64:
[2022-02-27 16:58:23,449: INFO: model]: updated weights after epoch: 4/10: 
[2.73094822e-04 2.99877523e-01 3.00019860e-01]:
[2022-02-27 16:58:23,449: INFO: model]: ####################:
[2022-02-27 16:58:23,449: INFO: model]: for epoch >> 4:
[2022-02-27 16:58:23,449: INFO: model]: ------------------------------:
[2022-02-27 16:58:23,449: INFO: model]: predicted value after forward pass: 
[0 0 0 1]:
[2022-02-27 16:58:23,449: INFO: model]: error: 
0    0
1    0
2    0
3    0
Name: y, dtype: int64:
[2022-02-27 16:58:23,449: INFO: model]: updated weights after epoch: 5/10: 
[2.73094822e-04 2.99877523e-01 3.00019860e-01]:
[2022-02-27 16:58:23,449: INFO: model]: ####################:
[2022-02-27 16:58:23,449: INFO: model]: for epoch >> 5:
[2022-02-27 16:58:23,449: INFO: model]: ------------------------------:
[2022-02-27 16:58:23,449: INFO: model]: predicted value after forward pass: 
[0 0 0 1]:
[2022-02-27 16:58:23,449: INFO: model]: error: 
0    0
1    0
2    0
3    0
Name: y, dtype: int64:
[2022-02-27 16:58:23,449: INFO: model]: updated weights after epoch: 6/10: 
[2.73094822e-04 2.99877523e-01 3.00019860e-01]:
[2022-02-27 16:58:23,449: INFO: model]: ####################:
[2022-02-27 16:58:23,449: INFO: model]: for epoch >> 6:
[2022-02-27 16:58:23,449: INFO: model]: ------------------------------:
[2022-02-27 16:58:23,449: INFO: model]: predicted value after forward pass: 
[0 0 0 1]:
[2022-02-27 16:58:23,449: INFO: model]: error: 
0    0
1    0
2    0
3    0
Name: y, dtype: int64:
[2022-02-27 16:58:23,449: INFO: model]: updated weights after epoch: 7/10: 
[2.73094822e-04 2.99877523e-01 3.00019860e-01]:
[2022-02-27 16:58:23,449: INFO: model]: ####################:
[2022-02-27 16:58:23,449: INFO: model]: for epoch >> 7:
[2022-02-27 16:58:23,449: INFO: model]: ------------------------------:
[2022-02-27 16:58:23,449: INFO: model]: predicted value after forward pass: 
[0 0 0 1]:
[2022-02-27 16:58:23,449: INFO: model]: error: 
0    0
1    0
2    0
3    0
Name: y, dtype: int64:
[2022-02-27 16:58:23,449: INFO: model]: updated weights after epoch: 8/10: 
[2.73094822e-04 2.99877523e-01 3.00019860e-01]:
[2022-02-27 16:58:23,449: INFO: model]: ####################:
[2022-02-27 16:58:23,449: INFO: model]: for epoch >> 8:
[2022-02-27 16:58:23,449: INFO: model]: ------------------------------:
[2022-02-27 16:58:23,449: INFO: model]: predicted value after forward pass: 
[0 0 0 1]:
[2022-02-27 16:58:23,449: INFO: model]: error: 
0    0
1    0
2    0
3    0
Name: y, dtype: int64:
[2022-02-27 16:58:23,465: INFO: model]: updated weights after epoch: 9/10: 
[2.73094822e-04 2.99877523e-01 3.00019860e-01]:
[2022-02-27 16:58:23,465: INFO: model]: ####################:
[2022-02-27 16:58:23,465: INFO: model]: for epoch >> 9:
[2022-02-27 16:58:23,465: INFO: model]: ------------------------------:
[2022-02-27 16:58:23,465: INFO: model]: predicted value after forward pass: 
[0 0 0 1]:
[2022-02-27 16:58:23,465: INFO: model]: error: 
0    0
1    0
2    0
3    0
Name: y, dtype: int64:
[2022-02-27 16:58:23,465: INFO: model]: updated weights after epoch: 10/10: 
[2.73094822e-04 2.99877523e-01 3.00019860e-01]:
[2022-02-27 16:58:23,465: INFO: model]: ####################:
[2022-02-27 16:58:23,465: INFO: model]: total loss: 0
:
[2022-02-27 16:58:23,465: INFO: model]: model is saved at model\and.model:
[2022-02-27 16:58:23,465: INFO: all_utils]:  preparing the data for training :
[2022-02-27 16:58:23,465: INFO: all_utils]: creating the base plot:
[2022-02-27 16:58:23,605: INFO: all_utils]: ploting the decision regions :
[2022-02-27 16:58:23,793: INFO: all_utils]: saving the plot at plots\and.png :
[2022-02-27 16:58:23,793: INFO: and]: <<<<< done training for AND  gate <<<<<

:
